<?xml version="1.0" encoding="UTF-8"?>
<!-- Generated by org.testng.reporters.JUnitReportReporter -->
<testsuite hostname="MAKO" name="com.automation.page.test.IHeartRadio" tests="2" failures="0" timestamp="14 Sep 2016 04:02:12 GMT" time="174.840" errors="0">
  <testcase name="likeAlbum" time="84.820" classname="com.automation.page.test.IHeartRadio"/>
  <testcase name="playSong" time="90.020" classname="com.automation.page.test.IHeartRadio"/>
</testsuite> <!-- com.automation.page.test.IHeartRadio -->
