<?xml version="1.0" encoding="UTF-8"?>
<!-- Generated by org.testng.reporters.JUnitReportReporter -->
<testsuite hostname="MAKO" name="com.automation.page.test.IHeartRadio" tests="2" failures="0" timestamp="15 Sep 2016 05:50:50 GMT" time="185.336" errors="0">
  <testcase name="likeAlbum" time="95.858" classname="com.automation.page.test.IHeartRadio"/>
  <testcase name="playSong" time="89.478" classname="com.automation.page.test.IHeartRadio"/>
</testsuite> <!-- com.automation.page.test.IHeartRadio -->
