<?xml version="1.0" encoding="UTF-8"?>
<!-- Generated by org.testng.reporters.JUnitReportReporter -->
<testsuite hostname="MAKO" name="com.automation.page.test.IHeartRadio" tests="1" failures="0" timestamp="14 Sep 2016 03:38:59 GMT" time="114.014" errors="0">
  <testcase name="playSong" time="114.014" classname="com.automation.page.test.IHeartRadio"/>
</testsuite> <!-- com.automation.page.test.IHeartRadio -->
